SoberCompanion/app/build/outputs/mapping/release/seeds.txt
com.sobercompanion.workers.ComfortMessageWorker$Companion
com.sobercompanion.data.local.entity.DailyLog
com.sobercompanion.workers.ComfortMessageWorker$doWork$1
com.sobercompanion.data.local.SoberDatabase_Impl
com.sobercompanion.SoberCompanionApp
com.sobercompanion.data.local.dao.SobrietyDao
com.sobercompanion.data.local.entity.SobrietyRecord
com.sobercompanion.data.local.entity.MotivationalQuote
com.sobercompanion.data.local.SoberDatabase
com.sobercompanion.MainActivity
com.sobercompanion.util.ReminderWorker
com.sobercompanion.workers.ComfortMessageWorker
com.sobercompanion.viewmodel.MainViewModel
com.sobercompanion.data.local.entity.Milestone
com.sobercompanion.data.local.entity.SobrietyRecord: int $stable
com.sobercompanion.data.local.entity.DailyLog: java.time.LocalDateTime createdAt
com.sobercompanion.data.local.entity.Milestone: int $stable
com.sobercompanion.data.local.entity.SobrietyRecord: java.lang.String note
com.sobercompanion.data.local.entity.SobrietyRecord: java.time.LocalDateTime endDate
com.sobercompanion.data.local.entity.SobrietyRecord: java.lang.String reason
com.sobercompanion.data.local.entity.DailyLog: java.time.LocalDate date
com.sobercompanion.data.local.entity.SobrietyRecord: long id
com.sobercompanion.data.local.entity.DailyLog: int mood
com.sobercompanion.data.local.entity.DailyLog: int drinkAmount
com.sobercompanion.data.local.entity.MotivationalQuote: int $stable
com.sobercompanion.data.local.entity.Milestone: java.lang.String title
com.sobercompanion.data.local.entity.Milestone: int targetDays
com.sobercompanion.data.local.entity.Milestone: java.time.LocalDateTime achievedAt
com.sobercompanion.data.local.entity.DailyLog: java.lang.String note
com.sobercompanion.data.local.entity.DailyLog: int cravingLevel
com.sobercompanion.data.local.entity.MotivationalQuote: long id
com.sobercompanion.data.local.entity.MotivationalQuote: java.lang.String quote
com.sobercompanion.data.local.entity.DailyLog: boolean didDrink
com.sobercompanion.data.local.entity.DailyLog: int $stable
com.sobercompanion.data.local.entity.DailyLog: long id
com.sobercompanion.data.local.entity.Milestone: java.lang.String description
com.sobercompanion.data.local.entity.Milestone: long id
com.sobercompanion.data.local.entity.Milestone: boolean isAchieved
com.sobercompanion.data.local.entity.SobrietyRecord: boolean isActive
com.sobercompanion.data.local.entity.SobrietyRecord: java.time.LocalDateTime startDate
com.sobercompanion.data.local.entity.MotivationalQuote: java.lang.String author
com.sobercompanion.data.local.entity.SobrietyRecord: java.time.LocalDateTime getStartDate()
com.sobercompanion.data.local.entity.DailyLog: int component6()
com.sobercompanion.data.local.entity.DailyLog: int hashCode()
com.sobercompanion.data.local.entity.SobrietyRecord: long getId()
com.sobercompanion.util.ReminderWorker: ReminderWorker(android.content.Context,androidx.work.WorkerParameters)
com.sobercompanion.data.local.entity.DailyLog: int component3()
com.sobercompanion.data.local.entity.SobrietyRecord: com.sobercompanion.data.local.entity.SobrietyRecord copy(long,java.time.LocalDateTime,java.time.LocalDateTime,boolean,java.lang.String,java.lang.String)
com.sobercompanion.data.local.entity.DailyLog: java.time.LocalDate component2()
com.sobercompanion.data.local.entity.MotivationalQuote: boolean equals(java.lang.Object)
com.sobercompanion.data.local.entity.MotivationalQuote: MotivationalQuote(long,java.lang.String,java.lang.String)
com.sobercompanion.data.RecordStatus: com.sobercompanion.data.RecordStatus valueOf(java.lang.String)
com.sobercompanion.data.local.entity.Milestone: int getTargetDays()
com.sobercompanion.data.local.entity.MotivationalQuote: java.lang.String getAuthor()
com.sobercompanion.data.local.entity.Milestone: java.lang.String component2()
com.sobercompanion.data.local.entity.Milestone: Milestone(long,java.lang.String,java.lang.String,int,java.time.LocalDateTime,boolean)
...
androidx.work.impl.utils.WorkForegroundRunnable$1: androidx.work.impl.utils.futures.SettableFuture val$foregroundFuture
androidx.work.impl.utils.taskexecutor.WorkManagerTaskExecutor$1: androidx.work.impl.utils.taskexecutor.WorkManagerTaskExecutor this$0
kotlinx.coroutines.sync.SemaphoreAndMutexImpl: int _availablePermits$volatile
androidx.work.impl.utils.WorkForegroundUpdater: androidx.work.impl.foreground.ForegroundProcessor mForegroundProcessor
androidx.work.WorkerParameters: int mRunAttemptCount
androidx.work.Worker$2: androidx.work.Worker this$0
androidx.work.impl.utils.WorkForegroundRunnable: android.content.Context mContext
androidx.work.impl.WorkerWrapper$Builder: androidx.work.ListenableWorker mWorker
androidx.work.impl.model.WorkSpecDao_Impl: androidx.room.RoomDatabase __db
androidx.work.impl.model.SystemIdInfo: int generation
androidx.work.impl.utils.SerialExecutorImpl$Task: androidx.work.impl.utils.SerialExecutorImpl mSerialExecutor
androidx.work.impl.WorkerWrapper: java.lang.String TAG
kotlinx.coroutines.internal.LockFreeLinkedListNode: java.lang.Object _prev$volatile
kotlinx.coroutines.android.AndroidExceptionPreHandler: java.lang.Object _preHandler
androidx.work.Constraints: androidx.work.Constraints NONE
androidx.work.Configuration$Builder: java.lang.String defaultProcessName
androidx.work.impl.background.greedy.TimeLimiter: long timeoutMs
androidx.work.impl.model.WorkProgressDao_Impl: androidx.room.SharedSQLiteStatement __preparedStmtOfDeleteAll
androidx.work.impl.WorkDatabase_AutoMigration_19_20_Impl: androidx.room.migration.AutoMigrationSpec callback
androidx.work.Configuration$Builder: int minJobSchedulerId
androidx.work.impl.WorkerWrapper: androidx.work.ListenableWorker mWorker
androidx.work.impl.constraints.WorkConstraintsTracker$track$$inlined$combine$1: kotlinx.coroutines.flow.Flow[] $flowArray$inlined
androidx.work.CoroutineWorker: kotlinx.coroutines.CoroutineDispatcher coroutineContext
androidx.work.impl.background.systemjob.SystemJobScheduler: androidx.work.impl.WorkDatabase mWorkDatabase
androidx.work.impl.constraints.controllers.ConstraintController$track$1$1: androidx.work.impl.constraints.controllers.ConstraintController$track$1$listener$1 $listener
androidx.work.impl.utils.futures.AbstractFuture$Waiter: androidx.work.impl.utils.futures.AbstractFuture$Waiter next
androidx.work.impl.workers.ConstraintTrackingWorkerKt: java.lang.String TAG
androidx.datastore.preferences.PreferencesProto$PreferenceMap: int PREFERENCES_FIELD_NUMBER
androidx.work.Operation: androidx.work.Operation$State$IN_PROGRESS IN_PROGRESS
androidx.work.WorkRequest: androidx.work.WorkRequest$Companion Companion
androidx.work.impl.WorkerWrapper: androidx.work.impl.model.WorkSpec mWorkSpec
androidx.work.impl.model.WorkSpecDao_Impl: androidx.room.SharedSQLiteStatement __preparedStmtOfIncrementGeneration
androidx.work.impl.WorkContinuationImpl: java.util.List mIds
androidx.datastore.preferences.PreferencesProto$Value: int FLOAT_FIELD_NUMBER
androidx.room.RoomDatabase: java.lang.ThreadLocal suspendingTransactionId
androidx.work.impl.constraints.WorkConstraintsTrackerKt$listen$1: androidx.work.impl.constraints.OnConstraintsStateChangedListener $listener
androidx.work.impl.background.systemalarm.DelayMetCommandHandler: java.util.concurrent.Executor mMainThreadExecutor
kotlin.jvm.internal.CallableReference: java.lang.String name
androidx.work.impl.background.systemalarm.SystemAlarmDispatcher: androidx.work.impl.background.systemalarm.CommandHandler mCommandHandler
androidx.lifecycle.Lifecycle$Event: androidx.lifecycle.Lifecycle$Event[] $VALUES
kotlinx.coroutines.sync.MutexImpl: java.lang.Object owner$volatile
androidx.room.RoomOpenHelper$Delegate: int version
androidx.work.impl.WorkDatabase_Impl: androidx.work.impl.model.WorkNameDao _workNameDao
androidx.work.impl.model.SystemIdInfoDao_Impl$3: androidx.work.impl.model.SystemIdInfoDao_Impl this$0
androidx.work.impl.model.WorkSpec: java.lang.String id