SoberCompanion/app/build/outputs/mapping/release/usage.txt
com.sobercompanion.MainActivity:
    public static final int $stable
com.sobercompanion.R$array:
    public static int com_google_android_gms_fonts_certs_dev
    public static int com_google_android_gms_fonts_certs_prod
    private void <init>()
com.sobercompanion.R$color
com.sobercompanion.R$drawable:
    public static int ic_launcher_background
    public static int ic_launcher_foreground
    private void <init>()
com.sobercompanion.R$mipmap
com.sobercompanion.R$string
com.sobercompanion.R$style
com.sobercompanion.R
com.sobercompanion.SoberCompanionApp:
    public static final java.lang.String NOTIFICATION_CHANNEL_ID
com.sobercompanion.data.AppDataStore$resetAllData$2
com.sobercompanion.data.AppDataStore$setShakyCountToday$2
com.sobercompanion.data.AppDataStore$setShakyTimestamps$2
com.sobercompanion.data.AppDataStore$special$$inlined$map$1$2$1:
    java.lang.Object L$0
com.sobercompanion.data.AppDataStore$special$$inlined$map$2$2$1:
    java.lang.Object L$0
com.sobercompanion.data.AppDataStore$special$$inlined$map$3$2$1:
    java.lang.Object L$0
com.sobercompanion.data.AppDataStore$special$$inlined$map$4$2$1:
    java.lang.Object L$0
com.sobercompanion.data.AppDataStore$special$$inlined$map$5$2$1:
    java.lang.Object L$0
com.sobercompanion.data.AppDataStore$special$$inlined$map$6$2$1:
    java.lang.Object L$0
com.sobercompanion.data.AppDataStore$special$$inlined$map$7$2$1:
    java.lang.Object L$0
com.sobercompanion.data.AppDataStore$special$$inlined$map$8$2$1:
    java.lang.Object L$0
com.sobercompanion.data.AppDataStore:
    private static final java.lang.String TIMESTAMP_DELIMITER
    public final java.lang.Object resetAllData(kotlin.coroutines.Continuation)
    public final java.lang.Object setShakyCountToday(int,kotlin.coroutines.Continuation)
    public final java.lang.Object setShakyTimestamps(java.util.List,kotlin.coroutines.Continuation)
com.sobercompanion.data.RecordStatus:
    public static kotlin.enums.EnumEntries getEntries()
com.sobercompanion.data.SoberRepository$special$$inlined$map$1$2$1:
    java.lang.Object L$0
com.sobercompanion.data.SoberRepository$special$$inlined$map$2$2$1:
    java.lang.Object L$0
com.sobercompanion.data.SoberRepository$special$$inlined$map$3$2$1:
    java.lang.Object L$0
com.sobercompanion.data.SoberRepository:
    public final kotlinx.coroutines.flow.Flow getActualStreakDays()
    public final kotlinx.coroutines.flow.Flow getComfortMessageShown()
    public final kotlinx.coroutines.flow.Flow getComfortReadyFlag()
    public final java.lang.Object getCurrentStreak(kotlin.coroutines.Continuation)
    public final kotlinx.coroutines.flow.Flow getCurrentStreak()
    public final java.lang.Object getDailyStatus(kotlin.coroutines.Continuation)
    public final kotlinx.coroutines.flow.Flow getDailyStatus()
    public final kotlinx.coroutines.flow.Flow getLastRecordDate()
    public final kotlinx.coroutines.flow.Flow getNeedsDailyReset()
    public final java.lang.Object getShakyCountToday(kotlin.coroutines.Continuation)
    public final kotlinx.coroutines.flow.Flow getShakyCountToday()
    public final kotlinx.coroutines.flow.Flow getShakyTimestamps()
    public final java.lang.Object getStartDate(kotlin.coroutines.Continuation)
    public final kotlinx.coroutines.flow.Flow getStartDate()
    public final kotlinx.coroutines.flow.Flow getTodayState()
    public final java.lang.Object isComfortReady(kotlin.coroutines.Continuation)
    public final kotlinx.coroutines.flow.Flow isTracking()
    public final java.lang.Object resetTracking(kotlin.coroutines.Continuation)
    public final java.lang.Object restartFromToday(kotlin.coroutines.Continuation)
...
androidx.compose.material.icons.twotone.PhoneIphoneKt
androidx.compose.material.icons.twotone.PhoneKt
androidx.compose.material.icons.twotone.PhoneLockedKt
androidx.compose.material.icons.twotone.PhoneMissedKt
androidx.compose.material.icons.twotone.PhonePausedKt
androidx.compose.material.icons.twotone.PhonelinkEraseKt
androidx.compose.material.icons.twotone.PhonelinkKt
androidx.compose.material.icons.twotone.PhonelinkLockKt
androidx.compose.material.icons.twotone.PhonelinkOffKt
androidx.compose.material.icons.twotone.PhonelinkRingKt
androidx.compose.material.icons.twotone.PhonelinkSetupKt
androidx.compose.material.icons.twotone.PhotoAlbumKt
androidx.compose.material.icons.twotone.PhotoCameraBackKt
androidx.compose.material.icons.twotone.PhotoCameraFrontKt
androidx.compose.material.icons.twotone.PhotoCameraKt
androidx.compose.material.icons.twotone.PhotoFilterKt
androidx.compose.material.icons.twotone.PhotoKt
androidx.compose.material.icons.twotone.PhotoLibraryKt
androidx.compose.material.icons.twotone.PhotoSizeSelectActualKt
androidx.compose.material.icons.twotone.PhotoSizeSelectLargeKt
androidx.compose.material.icons.twotone.PhotoSizeSelectSmallKt
androidx.compose.material.icons.twotone.PhpKt
androidx.compose.material.icons.twotone.PianoKt
androidx.compose.material.icons.twotone.PianoOffKt
androidx.compose.material.icons.twotone.PictureAsPdfKt
androidx.compose.material.icons.twotone.PictureInPictureAltKt
androidx.compose.material.icons.twotone.PictureInPictureKt
androidx.compose.material.icons.twotone.PieChartKt
androidx.compose.material.icons.twotone.PieChartOutlineKt
androidx.compose.material.icons.twotone.PinDropKt
androidx.compose.material.icons.twotone.PinEndKt
androidx.compose.material.icons.twotone.PinInvokeKt
androidx.compose.material.icons.twotone.PinKt
androidx.compose.material.icons.twotone.PinchKt
androidx.compose.material.icons.twotone.PivotTableChartKt
androidx.compose.material.icons.twotone.PixKt
androidx.compose.material.icons.twotone.PlaceKt
androidx.compose.material.icons.twotone.PlagiarismKt
androidx.compose.material.icons.twotone.PlayArrowKt
androidx.compose.material.icons.twotone.PlayCircleFilledKt
androidx.compose.material.icons.twotone.PlayCircleKt
androidx.compose.material.icons.twotone.PlayCircleOutlineKt
androidx.compose.material.icons.twotone.PlayDisabledKt
androidx.compose.material.icons.twotone.PlayForWorkKt
androidx.compose.material.icons.twotone.PlayLessonKt
androidx.compose.material.icons.twotone.PlaylistAddCheckCircleKt
androidx.compose.material.icons.twotone.PlaylistAddCheckKt
androidx.compose.material.icons.twotone.PlaylistAddCircleKt
androidx.compose.material.icons.twotone.PlaylistAddKt
androidx.compose.material.icons.twotone.PlaylistPlayKt
androidx.compose.material.icons.twotone.PlaylistRemoveKt
androidx.compose.material.icons.twotone.PlumbingKt
androidx.compose.material.icons.twotone.PlusOneKt
androidx.compose.material.icons.twotone.PodcastsKt
androidx.compose.material.icons.twotone.PointOfSaleKt
androidx.compose.material.icons.twotone.PolicyKt
androidx.compose.material.icons.twotone.PollKt
androidx.compose.material.icons.twotone.PolylineKt
androidx.compose.material.icons.twotone.PolymerKt
androidx.compose.material.icons.twotone.PoolKt
androidx.compose.material.icons.twotone.PortableWifiOffKt
androidx.compose.material.icons.twotone.PortraitKt
androidx.compose.material.icons.twotone.PostAddKt
androidx.compose.material.icons.twotone.PowerInputKt
androidx.compose.material.icons.twotone.PowerKt
androidx.compose.material.icons.twotone.PowerOffKt
androidx.compose.material.icons.twotone.PowerSettingsNewKt
androidx.compose.material.icons.twotone.PrecisionManufacturingKt
androidx.compose.material.icons.twotone.PregnantWomanKt
androidx.compose.material.icons.twotone.PresentToAllKt
androidx.compose.material.icons.twotone.PreviewKt
androidx.compose.material.icons.twotone.PriceChangeKt
androidx.compose.material.icons.twotone.PriceCheckKt
androidx.compose.material.icons.twotone.PrintDisabledKt